<?xml version="1.0" encoding="UTF-8"?>
<testsuite name="DollarCalculatorTest" tests="1" skipped="0" failures="0" errors="0" timestamp="2021-05-29T08:57:48" hostname="EN-313" time="1.013">
  <properties/>
  <testcase name="mockTest()" classname="DollarCalculatorTest" time="1.013"/>
  <system-out><![CDATA[]]></system-out>
  <system-err><![CDATA[]]></system-err>
</testsuite>
